RUN	simulations.RecordedSimulation	recordedsimulation	1579766577761	Prvi Run	3.3.1
USER	RecordedSimulation	5	START	1579766578980	1579766578980
USER	RecordedSimulation	4	START	1579766578980	1579766578980
USER	RecordedSimulation	3	START	1579766578980	1579766578980
USER	RecordedSimulation	2	START	1579766578980	1579766578980
USER	RecordedSimulation	1	START	1579766578980	1579766578980
REQUEST	5		START_0	1579766579021	1579766579085	OK	 
REQUEST	3		START_0	1579766579021	1579766579092	OK	 
REQUEST	1		START_0	1579766579021	1579766579085	OK	 
REQUEST	4		START_0	1579766579021	1579766579092	OK	 
REQUEST	2		START_0	1579766579021	1579766579087	OK	 
REQUEST	2		favicon	1579766579243	1579766579249	OK	 
REQUEST	4		favicon	1579766579243	1579766579250	OK	 
REQUEST	5		favicon	1579766579243	1579766579249	OK	 
REQUEST	3		favicon	1579766579243	1579766579249	OK	 
REQUEST	1		favicon	1579766579243	1579766579249	OK	 
REQUEST	5		javascript-static.js	1579766579260	1579766579271	OK	 
REQUEST	4		javascript-static.js	1579766579260	1579766579271	OK	 
REQUEST	1		javascript-static.js	1579766579260	1579766579271	OK	 
REQUEST	3		javascript-static.js	1579766579260	1579766579271	OK	 
REQUEST	3		yui-moodlesimple-min.css	1579766579244	1579766579273	OK	 
REQUEST	4		yui-moodlesimple-min.css	1579766579244	1579766579273	OK	 
REQUEST	1		yui-moodlesimple-min.css	1579766579244	1579766579273	OK	 
REQUEST	5		yui-moodlesimple-min.css	1579766579244	1579766579273	OK	 
REQUEST	3		moodlelogo_grayhat	1579766579272	1579766579294	OK	 
REQUEST	1		moodlelogo_grayhat	1579766579272	1579766579296	OK	 
REQUEST	5		moodlelogo_grayhat	1579766579272	1579766579296	OK	 
REQUEST	4		moodlelogo_grayhat	1579766579272	1579766579298	OK	 
REQUEST	3		polyfill.min.js	1579766579246	1579766579321	OK	 
REQUEST	2		javascript-static.js	1579766579262	1579766579344	OK	 
REQUEST	4		polyfill.min.js	1579766579245	1579766579344	OK	 
REQUEST	3		HOME_PAGE_2	1579766579322	1579766579350	OK	 
REQUEST	2		moodlelogo_grayhat	1579766579345	1579766579362	OK	 
REQUEST	4		HOME_PAGE_2	1579766579345	1579766579362	OK	 
REQUEST	5		polyfill.min.js	1579766579246	1579766579380	OK	 
REQUEST	5		HOME_PAGE_2	1579766579381	1579766579412	OK	 
REQUEST	2		polyfill.js	1579766579245	1579766579414	OK	 
REQUEST	4		polyfill.js	1579766579245	1579766579434	OK	 
REQUEST	1		polyfill.js	1579766579245	1579766579446	OK	 
REQUEST	1		require.min.js	1579766579293	1579766579459	OK	 
REQUEST	3		require.min.js	1579766579293	1579766579462	OK	 
REQUEST	5		require.min.js	1579766579293	1579766579465	OK	 
REQUEST	4		require.min.js	1579766579293	1579766579465	OK	 
REQUEST	3		HOME_PAGE_3	1579766579351	1579766579497	OK	 
REQUEST	3		HOME_PAGE_1	1579766579295	1579766579499	OK	 
REQUEST	3		CLICK_ON_COURSE_10	1579766579499	1579766579529	OK	 
REQUEST	4		HOME_PAGE_3	1579766579363	1579766579540	OK	 
REQUEST	3		HOME_PAGE_9	1579766579498	1579766579558	OK	 
REQUEST	5		HOME_PAGE_1	1579766579297	1579766579559	OK	 
REQUEST	3		CLICK_ON_COURSE_11	1579766579530	1579766579562	OK	 
REQUEST	2		require.min.js	1579766579363	1579766579575	OK	 
REQUEST	3		CLICK_ON_COURSE_12	1579766579559	1579766579584	OK	 
REQUEST	2		HOME_PAGE_1	1579766579415	1579766579606	OK	 
REQUEST	3		CLICK_ON_COURSE_14	1579766579585	1579766579611	OK	 
REQUEST	2		HOME_PAGE_7	1579766579607	1579766579627	OK	 
REQUEST	5		HOME_PAGE_9	1579766579559	1579766579630	OK	 
REQUEST	5		HOME_PAGE_3	1579766579413	1579766579654	OK	 
REQUEST	3		CLICK_ON_COURSE_13	1579766579562	1579766579660	OK	 
REQUEST	5		CLICK_ON_COURSE_10	1579766579630	1579766579660	OK	 
REQUEST	4		HOME_PAGE_6	1579766579436	1579766579665	OK	 
REQUEST	5		CLICK_ON_COURSE_11	1579766579655	1579766579677	OK	 
REQUEST	5		CLICK_ON_COURSE_12	1579766579661	1579766579685	OK	 
REQUEST	4		CLICK_ON_COURSE_10	1579766579666	1579766579691	OK	 
REQUEST	5		CLICK_ON_COURSE_13	1579766579677	1579766579710	OK	 
REQUEST	5		CLICK_ON_COURSE_14	1579766579686	1579766579723	OK	 
REQUEST	4		CLICK_ON_COURSE_11	1579766579692	1579766579725	OK	 
REQUEST	4		CLICK_ON_COURSE_12	1579766579725	1579766579772	OK	 
REQUEST	5		polyfill.js	1579766579246	1579766579795	OK	 
REQUEST	4		HOME_PAGE_1	1579766579299	1579766579809	OK	 
REQUEST	4		CLICK_ON_COURSE_13	1579766579772	1579766579810	OK	 
REQUEST	1		HOME_PAGE_1	1579766579297	1579766579828	OK	 
REQUEST	4		CLICK_ON_COURSE_14	1579766579809	1579766579837	OK	 
REQUEST	3		CLICK_ON_COURSE_16	1579766579661	1579766579849	OK	 
REQUEST	5		CLICK_ON_COURSE_16	1579766579723	1579766579866	OK	 
REQUEST	3		CLICK_ON_COURSE_17	1579766579849	1579766579895	OK	 
REQUEST	5		CLICK_ON_COURSE_18	1579766579867	1579766579901	OK	 
REQUEST	3		CLICK_ON_COURSE_18	1579766579896	1579766579925	OK	 
REQUEST	1		HOME_PAGE_9	1579766579828	1579766579945	OK	 
REQUEST	4		CLICK_ON_COURSE_16	1579766579838	1579766579955	OK	 
REQUEST	1		all	1579766579244	1579766579977	OK	 
REQUEST	4		CLICK_ON_COURSE_17	1579766579956	1579766579998	OK	 
REQUEST	1		CLICK_ON_COURSE_10	1579766579945	1579766580020	OK	 
REQUEST	1		polyfill.min.js	1579766579245	1579766580021	OK	 
REQUEST	2		yui-moodlesimple-min.css	1579766579244	1579766580031	OK	 
REQUEST	4		CLICK_ON_COURSE_18	1579766579999	1579766580040	OK	 
REQUEST	1		CLICK_ON_COURSE_11	1579766580019	1579766580043	OK	 
REQUEST	1		CLICK_ON_COURSE_12	1579766580020	1579766580044	OK	 
REQUEST	1		CLICK_ON_COURSE_13	1579766580021	1579766580044	OK	 
REQUEST	4		HOME_PAGE_9	1579766579541	1579766580062	OK	 
REQUEST	2		yui-moodlesimple-min.js	1579766579246	1579766580064	OK	 
REQUEST	1		CLICK_ON_COURSE_14	1579766580043	1579766580070	OK	 
REQUEST	2		CLICK_ON_COURSE_10	1579766580065	1579766580082	OK	 
REQUEST	1		CLICK_ON_COURSE_17	1579766580071	1579766580089	OK	 
REQUEST	2		polyfill.min.js	1579766579245	1579766580099	OK	 
REQUEST	2		CLICK_ON_COURSE_11	1579766580082	1579766580107	OK	 
REQUEST	1		CLICK_ON_COURSE_18	1579766580090	1579766580118	OK	 
REQUEST	2		CLICK_ON_COURSE_12	1579766580099	1579766580124	OK	 
REQUEST	2		CLICK_ON_COURSE_13	1579766580108	1579766580131	OK	 
REQUEST	4		all	1579766579244	1579766580151	OK	 
REQUEST	2		CLICK_ON_COURSE_14	1579766580125	1579766580154	OK	 
REQUEST	2		HOME_PAGE_3	1579766579576	1579766580195	OK	 
REQUEST	2		HOME_PAGE_9	1579766580032	1579766580214	OK	 
REQUEST	5		CLICK_ON_COURSE_17	1579766579796	1579766580243	OK	 
REQUEST	2		CLICK_ON_COURSE_17	1579766580196	1579766580243	OK	 
REQUEST	2		CLICK_ON_COURSE_18	1579766580214	1579766580244	OK	 
REQUEST	3		polyfill.js	1579766579247	1579766580324	OK	 
REQUEST	3		yui-moodlesimple-min.js	1579766579248	1579766580328	OK	 
REQUEST	1		HOME_PAGE_3	1579766579447	1579766580349	OK	 
REQUEST	2		CLICK_ON_COURSE_16	1579766580155	1579766580373	OK	 
REQUEST	5		yui-moodlesimple-min.js	1579766579246	1579766580396	OK	 
REQUEST	4		yui-moodlesimple-min.js	1579766579246	1579766580433	OK	 
REQUEST	3		CLICK_ON_COURSE_15	1579766579612	1579766580462	OK	 
REQUEST	1		CLICK_ON_COURSE_16	1579766580045	1579766580465	OK	 
REQUEST	1		yui-moodlesimple-min.js	1579766579246	1579766580498	OK	 
REQUEST	1		HOME_PAGE_8	1579766579460	1579766580557	OK	 
REQUEST	5		all	1579766579245	1579766580640	OK	 
REQUEST	3		HOME_PAGE_8	1579766579463	1579766580660	OK	 
REQUEST	5		HOME_PAGE_8	1579766579466	1579766580755	OK	 
REQUEST	2		HOME_PAGE_8	1579766579630	1579766580819	OK	 
REQUEST	3		all	1579766579244	1579766580898	OK	 
REQUEST	4		HOME_PAGE_8	1579766579466	1579766580932	OK	 
REQUEST	2		all	1579766579244	1579766580951	OK	 
REQUEST	5		CLICK_ON_COURSE_15	1579766579711	1579766581024	OK	 
REQUEST	4		CLICK_ON_COURSE_15	1579766579810	1579766581037	OK	 
REQUEST	2		CLICK_ON_COURSE_15	1579766580132	1579766581045	OK	 
REQUEST	1		CLICK_ON_COURSE_15	1579766580044	1579766581051	OK	 
REQUEST	3		LOGIN_19	1579766581921	1579766581932	OK	 
REQUEST	3		LOGIN_19 Redirect 1	1579766581937	1579766581962	OK	 
REQUEST	3		LOGIN_32	1579766582019	1579766582024	OK	 
REQUEST	5		LOGIN_19	1579766582042	1579766582051	OK	 
REQUEST	4		LOGIN_19	1579766582052	1579766582059	OK	 
REQUEST	2		LOGIN_19	1579766582061	1579766582067	OK	 
REQUEST	5		LOGIN_19 Redirect 1	1579766582052	1579766582073	OK	 
REQUEST	4		LOGIN_19 Redirect 1	1579766582059	1579766582077	OK	 
REQUEST	1		LOGIN_19	1579766582071	1579766582080	OK	 
REQUEST	2		LOGIN_19 Redirect 1	1579766582067	1579766582087	OK	 
REQUEST	5		LOGIN_32	1579766582082	1579766582088	OK	 
REQUEST	4		LOGIN_32	1579766582087	1579766582093	OK	 
REQUEST	1		LOGIN_19 Redirect 1	1579766582083	1579766582099	OK	 
REQUEST	2		LOGIN_32	1579766582095	1579766582103	OK	 
REQUEST	1		LOGIN_32	1579766582108	1579766582113	OK	 
ERROR	FILLING_THE_LOGIN_SCREEN_33: Failed to build request: No attribute named 'username' is defined 	1579766589039
ERROR	FILLING_THE_LOGIN_SCREEN_33: Failed to build request: No attribute named 'username' is defined 	1579766589093
ERROR	FILLING_THE_LOGIN_SCREEN_33: Failed to build request: No attribute named 'username' is defined 	1579766589093
ERROR	FILLING_THE_LOGIN_SCREEN_33: Failed to build request: No attribute named 'username' is defined 	1579766589111
ERROR	FILLING_THE_LOGIN_SCREEN_33: Failed to build request: No attribute named 'username' is defined 	1579766589111
REQUEST	3		COURSE_PAGE_59	1579766590043	1579766590052	OK	 
REQUEST	3		COURSE_PAGE_59 Redirect 1	1579766590053	1579766590069	OK	 
REQUEST	3		COURSE_PAGE_64	1579766590077	1579766590079	OK	 
REQUEST	3		COURSE_PAGE_SCROLL_DOWN_73	1579766590077	1579766590085	OK	 
REQUEST	5		COURSE_PAGE_59	1579766590091	1579766590099	OK	 
REQUEST	4		COURSE_PAGE_59	1579766590103	1579766590112	OK	 
REQUEST	5		COURSE_PAGE_59 Redirect 1	1579766590099	1579766590116	OK	 
REQUEST	2		COURSE_PAGE_59	1579766590111	1579766590122	OK	 
REQUEST	5		COURSE_PAGE_64	1579766590124	1579766590129	OK	 
REQUEST	4		COURSE_PAGE_59 Redirect 1	1579766590112	1579766590130	OK	 
REQUEST	1		COURSE_PAGE_59	1579766590124	1579766590134	OK	 
REQUEST	5		COURSE_PAGE_SCROLL_DOWN_73	1579766590124	1579766590136	OK	 
REQUEST	2		COURSE_PAGE_59 Redirect 1	1579766590123	1579766590142	OK	 
REQUEST	4		COURSE_PAGE_64	1579766590138	1579766590142	OK	 
REQUEST	4		COURSE_PAGE_SCROLL_DOWN_73	1579766590138	1579766590150	OK	 
REQUEST	1		COURSE_PAGE_59 Redirect 1	1579766590135	1579766590151	OK	 
REQUEST	2		COURSE_PAGE_64	1579766590148	1579766590151	OK	 
REQUEST	2		COURSE_PAGE_SCROLL_DOWN_73	1579766590149	1579766590159	OK	 
REQUEST	1		COURSE_PAGE_64	1579766590158	1579766590160	OK	 
REQUEST	1		COURSE_PAGE_SCROLL_DOWN_73	1579766590158	1579766590166	OK	 
REQUEST	3		LOGOFF_74	1579766598082	1579766598102	OK	 
REQUEST	3		LOGOFF_74 Redirect 1	1579766598103	1579766598124	OK	 
REQUEST	3		LOGOFF_84	1579766598131	1579766598136	OK	 
USER	RecordedSimulation	3	END	1579766578980	1579766598140
REQUEST	4		LOGOFF_74	1579766598141	1579766598150	OK	 
REQUEST	5		LOGOFF_74	1579766598141	1579766598150	OK	 
REQUEST	2		LOGOFF_74	1579766598153	1579766598162	OK	 
REQUEST	4		LOGOFF_74 Redirect 1	1579766598151	1579766598175	OK	 
REQUEST	5		LOGOFF_74 Redirect 1	1579766598151	1579766598179	OK	 
REQUEST	1		LOGOFF_74	1579766598162	1579766598179	OK	 
REQUEST	4		LOGOFF_84	1579766598178	1579766598185	OK	 
USER	RecordedSimulation	4	END	1579766578980	1579766598185
REQUEST	5		LOGOFF_84	1579766598182	1579766598189	OK	 
REQUEST	2		LOGOFF_74 Redirect 1	1579766598163	1579766598189	OK	 
USER	RecordedSimulation	5	END	1579766578980	1579766598189
REQUEST	2		LOGOFF_84	1579766598192	1579766598197	OK	 
USER	RecordedSimulation	2	END	1579766578980	1579766598197
REQUEST	1		LOGOFF_74 Redirect 1	1579766598180	1579766598206	OK	 
REQUEST	1		LOGOFF_84	1579766598209	1579766598215	OK	 
USER	RecordedSimulation	1	END	1579766578980	1579766598216
